 Problem while reading  DecayOptions, ignoring unknown entry        1001   0.0000000000000000     
 Problem while reading  DecayOptions, ignoring unknown entry        1002   0.0000000000000000     
 Problem while reading  DecayOptions, ignoring unknown entry        1003   0.0000000000000000     
 Problem while reading  DecayOptions, ignoring unknown entry        1004   0.0000000000000000     
 Problem while reading  DecayOptions, ignoring unknown entry        1005   0.0000000000000000     
 Problem while reading  DecayOptions, ignoring unknown entry        1006   0.0000000000000000     
 Problem while reading  DecayOptions, ignoring unknown entry        1114   0.0000000000000000     
 Problem while reading  DecayOptions, ignoring unknown entry        1115   0.0000000000000000     
 Problem while reading  DecayOptions, ignoring unknown entry        1116   0.0000000000000000     
 Problem while reading  DecayOptions, ignoring unknown entry        1117   0.0000000000000000     
 Problem while reading  DecayOptions, ignoring unknown entry        1118   0.0000000000000000     
 Problem in rkqs, stepsize underflow
 Problem in rkqs, stepsize underflow
 Problem in rkqs, stepsize underflow
 Higgs mass outside range of cross section fit (associated W production):            2
 Higgs mass outside range of cross section fit (associated Z production):            2
 Higgs mass outside range of cross section fit (associated top production):            2
 Higgs mass outside range of cross section fit (associated W production):            3
 Higgs mass outside range of cross section fit (associated Z production):            3
 Higgs mass outside range of cross section fit (associated top production):            3
 Higgs mass outside range of cross section fit (gluon fusion):            2
 Higgs mass outside range of cross section fit (vector boson fusion):            2
 Higgs mass outside range of cross section fit (associated W production):            2
 Higgs mass outside range of cross section fit (associated Z production):            2
 Higgs mass outside range of cross section fit (associated top production):            2
 Higgs mass outside range of cross section fit (associated W production):            3
 Higgs mass outside range of cross section fit (associated Z production):            3
 Higgs mass outside range of cross section fit (associated top production):            3
 Numerical problem in MonopoleSFF
 Involved masses:    6.7229184708139666E-007   3.1572314595999997        2.6111992291531072E-007
 Numerical problem in MonopoleSFF
 Involved masses:    6.7229184708139666E-007   3.1572314595999997        2.6111992291531072E-007
 Numerical problem in MonopoleSFF
 Involved masses:    6646.1996848993131        2.5489470578119236E-057   2.5489470578119236E-057
 Numerical problem in MonopoleSFF
 Involved masses:    6646.1996848993131        2.5489470578119236E-057   2.5489470578119236E-057
 Numerical problem in MonopoleSFF
 Involved masses:    6646.1996848993131        2.5489470578119236E-057   3.2940477811826795E-024
 Numerical problem in MonopoleSFF
 Involved masses:    6646.1996848993131        2.5489470578119236E-057   3.2940477811826795E-024
 Numerical problem in MonopoleSFF
 Involved masses:    6646.1996848993131        2.5489470578119236E-057   6.2467776935401904E-024
 Numerical problem in MonopoleSFF
 Involved masses:    6646.1996848993131        2.5489470578119236E-057   6.2467776935401904E-024
 Numerical problem in MonopoleSFF
 Involved masses:    6646.1996848993131        3.2940477811826795E-024   2.5489470578119236E-057
 Numerical problem in MonopoleSFF
 Involved masses:    6646.1996848993131        3.2940477811826795E-024   2.5489470578119236E-057
 Numerical problem in MonopoleSFF
 Involved masses:    6646.1996848993131        3.2940477811826795E-024   3.2940477811826795E-024
 Numerical problem in MonopoleSFF
 Involved masses:    6646.1996848993131        3.2940477811826795E-024   3.2940477811826795E-024
 Numerical problem in MonopoleSFF
 Involved masses:    6646.1996848993131        3.2940477811826795E-024   6.2467776935401904E-024
 Numerical problem in MonopoleSFF
 Involved masses:    6646.1996848993131        3.2940477811826795E-024   6.2467776935401904E-024
 Numerical problem in MonopoleSFF
 Involved masses:    6646.1996848993131        6.2467776935401904E-024   2.5489470578119236E-057
 Numerical problem in MonopoleSFF
 Involved masses:    6646.1996848993131        6.2467776935401904E-024   2.5489470578119236E-057
 Numerical problem in MonopoleSFF
 Involved masses:    6646.1996848993131        6.2467776935401904E-024   3.2940477811826795E-024
 Numerical problem in MonopoleSFF
 Involved masses:    6646.1996848993131        6.2467776935401904E-024   3.2940477811826795E-024
 Numerical problem in MonopoleSFF
 Involved masses:    6646.1996848993131        6.2467776935401904E-024   6.2467776935401904E-024
 Numerical problem in MonopoleSFF
 Involved masses:    6646.1996848993131        6.2467776935401904E-024   6.2467776935401904E-024
 Numerical problem in MonopoleSFF
 Involved masses:    196524.61374691961        2.5489470578119236E-057   2.5489470578119236E-057
 Numerical problem in MonopoleSFF
 Involved masses:    196524.61374691961        2.5489470578119236E-057   2.5489470578119236E-057
 Numerical problem in MonopoleSFF
 Involved masses:    196524.61374691961        2.5489470578119236E-057   3.2940477811826795E-024
 Numerical problem in MonopoleSFF
 Involved masses:    196524.61374691961        2.5489470578119236E-057   3.2940477811826795E-024
 Numerical problem in MonopoleSFF
 Involved masses:    196524.61374691961        2.5489470578119236E-057   6.2467776935401904E-024
 Numerical problem in MonopoleSFF
 Involved masses:    196524.61374691961        2.5489470578119236E-057   6.2467776935401904E-024
 Numerical problem in MonopoleSFF
 Involved masses:    196524.61374691961        3.2940477811826795E-024   2.5489470578119236E-057
 Numerical problem in MonopoleSFF
 Involved masses:    196524.61374691961        3.2940477811826795E-024   2.5489470578119236E-057
 Numerical problem in MonopoleSFF
 Involved masses:    196524.61374691961        3.2940477811826795E-024   3.2940477811826795E-024
 Numerical problem in MonopoleSFF
 Involved masses:    196524.61374691961        3.2940477811826795E-024   3.2940477811826795E-024
 Numerical problem in MonopoleSFF
 Involved masses:    196524.61374691961        3.2940477811826795E-024   6.2467776935401904E-024
 Numerical problem in MonopoleSFF
 Involved masses:    196524.61374691961        3.2940477811826795E-024   6.2467776935401904E-024
 Numerical problem in MonopoleSFF
 Involved masses:    196524.61374691961        6.2467776935401904E-024   2.5489470578119236E-057
 Numerical problem in MonopoleSFF
 Involved masses:    196524.61374691961        6.2467776935401904E-024   2.5489470578119236E-057
 Numerical problem in MonopoleSFF
 Involved masses:    196524.61374691961        6.2467776935401904E-024   3.2940477811826795E-024
 Numerical problem in MonopoleSFF
 Involved masses:    196524.61374691961        6.2467776935401904E-024   3.2940477811826795E-024
 Numerical problem in MonopoleSFF
 Involved masses:    196524.61374691961        6.2467776935401904E-024   6.2467776935401904E-024
 Numerical problem in MonopoleSFF
 Involved masses:    196524.61374691961        6.2467776935401904E-024   6.2467776935401904E-024
 Numerical problem in MonopoleVFF
 Involved masses:    6646.1996848993131        2.5489470578119236E-057   2.5489470578119236E-057
 Numerical problem in MonopoleVFF
 Involved masses:    6646.1996848993131        2.5489470578119236E-057   2.5489470578119236E-057
 Numerical problem in MonopoleVFF
 Involved masses:    6646.1996848993131        2.5489470578119236E-057   3.2940477811826795E-024
 Numerical problem in MonopoleVFF
 Involved masses:    6646.1996848993131        2.5489470578119236E-057   3.2940477811826795E-024
 Numerical problem in MonopoleVFF
 Involved masses:    6646.1996848993131        2.5489470578119236E-057   6.2467776935401904E-024
 Numerical problem in MonopoleVFF
 Involved masses:    6646.1996848993131        2.5489470578119236E-057   6.2467776935401904E-024
 Numerical problem in MonopoleVFF
 Involved masses:    6646.1996848993131        3.2940477811826795E-024   2.5489470578119236E-057
 Numerical problem in MonopoleVFF
 Involved masses:    6646.1996848993131        3.2940477811826795E-024   2.5489470578119236E-057
 Numerical problem in MonopoleVFF
 Involved masses:    6646.1996848993131        3.2940477811826795E-024   3.2940477811826795E-024
 Numerical problem in MonopoleVFF
 Involved masses:    6646.1996848993131        3.2940477811826795E-024   3.2940477811826795E-024
 Numerical problem in MonopoleVFF
 Involved masses:    6646.1996848993131        3.2940477811826795E-024   6.2467776935401904E-024
 Numerical problem in MonopoleVFF
 Involved masses:    6646.1996848993131        3.2940477811826795E-024   6.2467776935401904E-024
 Numerical problem in MonopoleVFF
 Involved masses:    6646.1996848993131        6.2467776935401904E-024   2.5489470578119236E-057
 Numerical problem in MonopoleVFF
 Involved masses:    6646.1996848993131        6.2467776935401904E-024   2.5489470578119236E-057
 Numerical problem in MonopoleVFF
 Involved masses:    6646.1996848993131        6.2467776935401904E-024   3.2940477811826795E-024
 Numerical problem in MonopoleVFF
 Involved masses:    6646.1996848993131        6.2467776935401904E-024   3.2940477811826795E-024
 Numerical problem in MonopoleVFF
 Involved masses:    6646.1996848993131        6.2467776935401904E-024   6.2467776935401904E-024
 Numerical problem in MonopoleVFF
 Involved masses:    6646.1996848993131        6.2467776935401904E-024   6.2467776935401904E-024
 Numerical problem in MonopoleSFF
 Involved masses:    6.7229184708139666E-007   3.1572314595999997        2.6111992291531072E-007
 Numerical problem in MonopoleSFF
 Involved masses:    6.7229184708139666E-007   3.1572314595999997        2.6111992291531072E-007
 Numerical problem in MonopoleSFF
 Involved masses:    6646.1996848993131        2.5489470578119236E-057   2.5489470578119236E-057
 Numerical problem in MonopoleSFF
 Involved masses:    6646.1996848993131        2.5489470578119236E-057   2.5489470578119236E-057
 Numerical problem in MonopoleSFF
 Involved masses:    6646.1996848993131        2.5489470578119236E-057   3.2940477811826795E-024
 Numerical problem in MonopoleSFF
 Involved masses:    6646.1996848993131        2.5489470578119236E-057   3.2940477811826795E-024
 Numerical problem in MonopoleSFF
 Involved masses:    6646.1996848993131        2.5489470578119236E-057   6.2467776935401904E-024
 Numerical problem in MonopoleSFF
 Involved masses:    6646.1996848993131        2.5489470578119236E-057   6.2467776935401904E-024
 Numerical problem in MonopoleSFF
 Involved masses:    6646.1996848993131        3.2940477811826795E-024   2.5489470578119236E-057
 Numerical problem in MonopoleSFF
 Involved masses:    6646.1996848993131        3.2940477811826795E-024   2.5489470578119236E-057
 Numerical problem in MonopoleSFF
 Involved masses:    6646.1996848993131        3.2940477811826795E-024   3.2940477811826795E-024
 Numerical problem in MonopoleSFF
 Involved masses:    6646.1996848993131        3.2940477811826795E-024   3.2940477811826795E-024
 Numerical problem in MonopoleSFF
 Involved masses:    6646.1996848993131        3.2940477811826795E-024   6.2467776935401904E-024
 Numerical problem in MonopoleSFF
 Involved masses:    6646.1996848993131        3.2940477811826795E-024   6.2467776935401904E-024
 Numerical problem in MonopoleSFF
 Involved masses:    6646.1996848993131        6.2467776935401904E-024   2.5489470578119236E-057
 Numerical problem in MonopoleSFF
 Involved masses:    6646.1996848993131        6.2467776935401904E-024   2.5489470578119236E-057
 Numerical problem in MonopoleSFF
 Involved masses:    6646.1996848993131        6.2467776935401904E-024   3.2940477811826795E-024
 Numerical problem in MonopoleSFF
 Involved masses:    6646.1996848993131        6.2467776935401904E-024   3.2940477811826795E-024
 Numerical problem in MonopoleSFF
 Involved masses:    6646.1996848993131        6.2467776935401904E-024   6.2467776935401904E-024
 Numerical problem in MonopoleSFF
 Involved masses:    6646.1996848993131        6.2467776935401904E-024   6.2467776935401904E-024
 Numerical problem in MonopoleSFF
 Involved masses:    196524.61374691961        2.5489470578119236E-057   2.5489470578119236E-057
 Numerical problem in MonopoleSFF
 Involved masses:    196524.61374691961        2.5489470578119236E-057   2.5489470578119236E-057
 Numerical problem in MonopoleSFF
 Involved masses:    196524.61374691961        2.5489470578119236E-057   3.2940477811826795E-024
 Numerical problem in MonopoleSFF
 Involved masses:    196524.61374691961        2.5489470578119236E-057   3.2940477811826795E-024
 Numerical problem in MonopoleSFF
 Involved masses:    196524.61374691961        2.5489470578119236E-057   6.2467776935401904E-024
 Numerical problem in MonopoleSFF
 Involved masses:    196524.61374691961        2.5489470578119236E-057   6.2467776935401904E-024
 Numerical problem in MonopoleSFF
 Involved masses:    196524.61374691961        3.2940477811826795E-024   2.5489470578119236E-057
 Numerical problem in MonopoleSFF
 Involved masses:    196524.61374691961        3.2940477811826795E-024   2.5489470578119236E-057
 Numerical problem in MonopoleSFF
 Involved masses:    196524.61374691961        3.2940477811826795E-024   3.2940477811826795E-024
 Numerical problem in MonopoleSFF
 Involved masses:    196524.61374691961        3.2940477811826795E-024   3.2940477811826795E-024
 Numerical problem in MonopoleSFF
 Involved masses:    196524.61374691961        3.2940477811826795E-024   6.2467776935401904E-024
 Numerical problem in MonopoleSFF
 Involved masses:    196524.61374691961        3.2940477811826795E-024   6.2467776935401904E-024
 Numerical problem in MonopoleSFF
 Involved masses:    196524.61374691961        6.2467776935401904E-024   2.5489470578119236E-057
 Numerical problem in MonopoleSFF
 Involved masses:    196524.61374691961        6.2467776935401904E-024   2.5489470578119236E-057
 Numerical problem in MonopoleSFF
 Involved masses:    196524.61374691961        6.2467776935401904E-024   3.2940477811826795E-024
 Numerical problem in MonopoleSFF
 Involved masses:    196524.61374691961        6.2467776935401904E-024   3.2940477811826795E-024
 Numerical problem in MonopoleSFF
 Involved masses:    196524.61374691961        6.2467776935401904E-024   6.2467776935401904E-024
 Numerical problem in MonopoleSFF
 Involved masses:    196524.61374691961        6.2467776935401904E-024   6.2467776935401904E-024
 Numerical problem in MonopoleVFF
 Involved masses:    6646.1996848993131        2.5489470578119236E-057   2.5489470578119236E-057
 Numerical problem in MonopoleVFF
 Involved masses:    6646.1996848993131        2.5489470578119236E-057   2.5489470578119236E-057
 Numerical problem in MonopoleVFF
 Involved masses:    6646.1996848993131        2.5489470578119236E-057   3.2940477811826795E-024
 Numerical problem in MonopoleVFF
 Involved masses:    6646.1996848993131        2.5489470578119236E-057   3.2940477811826795E-024
 Numerical problem in MonopoleVFF
 Involved masses:    6646.1996848993131        2.5489470578119236E-057   6.2467776935401904E-024
 Numerical problem in MonopoleVFF
 Involved masses:    6646.1996848993131        2.5489470578119236E-057   6.2467776935401904E-024
 Numerical problem in MonopoleVFF
 Involved masses:    6646.1996848993131        3.2940477811826795E-024   2.5489470578119236E-057
 Numerical problem in MonopoleVFF
 Involved masses:    6646.1996848993131        3.2940477811826795E-024   2.5489470578119236E-057
 Numerical problem in MonopoleVFF
 Involved masses:    6646.1996848993131        3.2940477811826795E-024   3.2940477811826795E-024
 Numerical problem in MonopoleVFF
 Involved masses:    6646.1996848993131        3.2940477811826795E-024   3.2940477811826795E-024
 Numerical problem in MonopoleVFF
 Involved masses:    6646.1996848993131        3.2940477811826795E-024   6.2467776935401904E-024
 Numerical problem in MonopoleVFF
 Involved masses:    6646.1996848993131        3.2940477811826795E-024   6.2467776935401904E-024
 Numerical problem in MonopoleVFF
 Involved masses:    6646.1996848993131        6.2467776935401904E-024   2.5489470578119236E-057
 Numerical problem in MonopoleVFF
 Involved masses:    6646.1996848993131        6.2467776935401904E-024   2.5489470578119236E-057
 Numerical problem in MonopoleVFF
 Involved masses:    6646.1996848993131        6.2467776935401904E-024   3.2940477811826795E-024
 Numerical problem in MonopoleVFF
 Involved masses:    6646.1996848993131        6.2467776935401904E-024   3.2940477811826795E-024
 Numerical problem in MonopoleVFF
 Involved masses:    6646.1996848993131        6.2467776935401904E-024   6.2467776935401904E-024
 Numerical problem in MonopoleVFF
 Involved masses:    6646.1996848993131        6.2467776935401904E-024   6.2467776935401904E-024
 Numerical problem in MonopoleSFF
 Involved masses:    6.7229184708139666E-007   3.1572314595999997        2.6111992291531072E-007
 Numerical problem in MonopoleSFF
 Involved masses:    6.7229184708139666E-007   3.1572314595999997        2.6111992291531072E-007
 Numerical problem in MonopoleSFF
 Involved masses:    6646.1996848993131        2.5489470578119236E-057   2.5489470578119236E-057
 Numerical problem in MonopoleSFF
 Involved masses:    6646.1996848993131        2.5489470578119236E-057   2.5489470578119236E-057
 Numerical problem in MonopoleSFF
 Involved masses:    6646.1996848993131        2.5489470578119236E-057   3.2940477811826795E-024
 Numerical problem in MonopoleSFF
 Involved masses:    6646.1996848993131        2.5489470578119236E-057   3.2940477811826795E-024
 Numerical problem in MonopoleSFF
 Involved masses:    6646.1996848993131        2.5489470578119236E-057   6.2467776935401904E-024
 Numerical problem in MonopoleSFF
 Involved masses:    6646.1996848993131        2.5489470578119236E-057   6.2467776935401904E-024
 Numerical problem in MonopoleSFF
 Involved masses:    6646.1996848993131        3.2940477811826795E-024   2.5489470578119236E-057
 Numerical problem in MonopoleSFF
 Involved masses:    6646.1996848993131        3.2940477811826795E-024   2.5489470578119236E-057
 Numerical problem in MonopoleSFF
 Involved masses:    6646.1996848993131        3.2940477811826795E-024   3.2940477811826795E-024
 Numerical problem in MonopoleSFF
 Involved masses:    6646.1996848993131        3.2940477811826795E-024   3.2940477811826795E-024
 Numerical problem in MonopoleSFF
 Involved masses:    6646.1996848993131        3.2940477811826795E-024   6.2467776935401904E-024
 Numerical problem in MonopoleSFF
 Involved masses:    6646.1996848993131        3.2940477811826795E-024   6.2467776935401904E-024
 Numerical problem in MonopoleSFF
 Involved masses:    6646.1996848993131        6.2467776935401904E-024   2.5489470578119236E-057
 Numerical problem in MonopoleSFF
 Involved masses:    6646.1996848993131        6.2467776935401904E-024   2.5489470578119236E-057
 Numerical problem in MonopoleSFF
 Involved masses:    6646.1996848993131        6.2467776935401904E-024   3.2940477811826795E-024
 Numerical problem in MonopoleSFF
 Involved masses:    6646.1996848993131        6.2467776935401904E-024   3.2940477811826795E-024
 Numerical problem in MonopoleSFF
 Involved masses:    6646.1996848993131        6.2467776935401904E-024   6.2467776935401904E-024
 Numerical problem in MonopoleSFF
 Involved masses:    6646.1996848993131        6.2467776935401904E-024   6.2467776935401904E-024
 Numerical problem in MonopoleSFF
 Involved masses:    196524.61374691961        2.5489470578119236E-057   2.5489470578119236E-057
 Numerical problem in MonopoleSFF
 Involved masses:    196524.61374691961        2.5489470578119236E-057   2.5489470578119236E-057
 Numerical problem in MonopoleSFF
 Involved masses:    196524.61374691961        2.5489470578119236E-057   3.2940477811826795E-024
 Numerical problem in MonopoleSFF
 Involved masses:    196524.61374691961        2.5489470578119236E-057   3.2940477811826795E-024
 Numerical problem in MonopoleSFF
 Involved masses:    196524.61374691961        2.5489470578119236E-057   6.2467776935401904E-024
 Numerical problem in MonopoleSFF
 Involved masses:    196524.61374691961        2.5489470578119236E-057   6.2467776935401904E-024
 Numerical problem in MonopoleSFF
 Involved masses:    196524.61374691961        3.2940477811826795E-024   2.5489470578119236E-057
 Numerical problem in MonopoleSFF
 Involved masses:    196524.61374691961        3.2940477811826795E-024   2.5489470578119236E-057
 Numerical problem in MonopoleSFF
 Involved masses:    196524.61374691961        3.2940477811826795E-024   3.2940477811826795E-024
 Numerical problem in MonopoleSFF
 Involved masses:    196524.61374691961        3.2940477811826795E-024   3.2940477811826795E-024
 Numerical problem in MonopoleSFF
 Involved masses:    196524.61374691961        3.2940477811826795E-024   6.2467776935401904E-024
 Numerical problem in MonopoleSFF
 Involved masses:    196524.61374691961        3.2940477811826795E-024   6.2467776935401904E-024
 Numerical problem in MonopoleSFF
 Involved masses:    196524.61374691961        6.2467776935401904E-024   2.5489470578119236E-057
 Numerical problem in MonopoleSFF
 Involved masses:    196524.61374691961        6.2467776935401904E-024   2.5489470578119236E-057
 Numerical problem in MonopoleSFF
 Involved masses:    196524.61374691961        6.2467776935401904E-024   3.2940477811826795E-024
 Numerical problem in MonopoleSFF
 Involved masses:    196524.61374691961        6.2467776935401904E-024   3.2940477811826795E-024
 Numerical problem in MonopoleSFF
 Involved masses:    196524.61374691961        6.2467776935401904E-024   6.2467776935401904E-024
 Numerical problem in MonopoleSFF
 Involved masses:    196524.61374691961        6.2467776935401904E-024   6.2467776935401904E-024
 Numerical problem in MonopoleVFF
 Involved masses:    6646.1996848993131        2.5489470578119236E-057   2.5489470578119236E-057
 Numerical problem in MonopoleVFF
 Involved masses:    6646.1996848993131        2.5489470578119236E-057   2.5489470578119236E-057
 Numerical problem in MonopoleVFF
 Involved masses:    6646.1996848993131        2.5489470578119236E-057   3.2940477811826795E-024
 Numerical problem in MonopoleVFF
 Involved masses:    6646.1996848993131        2.5489470578119236E-057   3.2940477811826795E-024
 Numerical problem in MonopoleVFF
 Involved masses:    6646.1996848993131        2.5489470578119236E-057   6.2467776935401904E-024
 Numerical problem in MonopoleVFF
 Involved masses:    6646.1996848993131        2.5489470578119236E-057   6.2467776935401904E-024
 Numerical problem in MonopoleVFF
 Involved masses:    6646.1996848993131        3.2940477811826795E-024   2.5489470578119236E-057
 Numerical problem in MonopoleVFF
 Involved masses:    6646.1996848993131        3.2940477811826795E-024   2.5489470578119236E-057
 Numerical problem in MonopoleVFF
 Involved masses:    6646.1996848993131        3.2940477811826795E-024   3.2940477811826795E-024
 Numerical problem in MonopoleVFF
 Involved masses:    6646.1996848993131        3.2940477811826795E-024   3.2940477811826795E-024
 Numerical problem in MonopoleVFF
 Involved masses:    6646.1996848993131        3.2940477811826795E-024   6.2467776935401904E-024
 Numerical problem in MonopoleVFF
 Involved masses:    6646.1996848993131        3.2940477811826795E-024   6.2467776935401904E-024
 Numerical problem in MonopoleVFF
 Involved masses:    6646.1996848993131        6.2467776935401904E-024   2.5489470578119236E-057
 Numerical problem in MonopoleVFF
 Involved masses:    6646.1996848993131        6.2467776935401904E-024   2.5489470578119236E-057
 Numerical problem in MonopoleVFF
 Involved masses:    6646.1996848993131        6.2467776935401904E-024   3.2940477811826795E-024
 Numerical problem in MonopoleVFF
 Involved masses:    6646.1996848993131        6.2467776935401904E-024   3.2940477811826795E-024
 Numerical problem in MonopoleVFF
 Involved masses:    6646.1996848993131        6.2467776935401904E-024   6.2467776935401904E-024
 Numerical problem in MonopoleVFF
 Involved masses:    6646.1996848993131        6.2467776935401904E-024   6.2467776935401904E-024
